14-Mar-2023 00:10:04.418 INFO [main] org.apache.catalina.startup.VersionLoggerListener.log Nombre de la versión del servidor: Apache Tomcat/9.0.73
14-Mar-2023 00:10:04.421 INFO [main] org.apache.catalina.startup.VersionLoggerListener.log Server built:                      Feb 27 2023 15:33:40 UTC
14-Mar-2023 00:10:04.421 INFO [main] org.apache.catalina.startup.VersionLoggerListener.log Número de versión de servidor:     9.0.73.0
14-Mar-2023 00:10:04.421 INFO [main] org.apache.catalina.startup.VersionLoggerListener.log OS Name:                           Windows 10
14-Mar-2023 00:10:04.421 INFO [main] org.apache.catalina.startup.VersionLoggerListener.log Versión de Systema Operativo:      10.0
14-Mar-2023 00:10:04.421 INFO [main] org.apache.catalina.startup.VersionLoggerListener.log Arquitectura:                      amd64
14-Mar-2023 00:10:04.421 INFO [main] org.apache.catalina.startup.VersionLoggerListener.log Java Home:                         C:\Program Files\Java\jdk-15.0.2
14-Mar-2023 00:10:04.421 INFO [main] org.apache.catalina.startup.VersionLoggerListener.log JVM Version:                       15.0.2+7-27
14-Mar-2023 00:10:04.421 INFO [main] org.apache.catalina.startup.VersionLoggerListener.log Vededor JVM:                       Oracle Corporation
14-Mar-2023 00:10:04.421 INFO [main] org.apache.catalina.startup.VersionLoggerListener.log CATALINA_BASE:                     C:\Users\Admin\Desktop\apache-tomcat-9.0.73
14-Mar-2023 00:10:04.421 INFO [main] org.apache.catalina.startup.VersionLoggerListener.log CATALINA_HOME:                     C:\Users\Admin\Desktop\apache-tomcat-9.0.73
14-Mar-2023 00:10:04.430 INFO [main] org.apache.catalina.startup.VersionLoggerListener.log Command line argument:             --add-opens=java.base/java.lang=ALL-UNNAMED
14-Mar-2023 00:10:04.430 INFO [main] org.apache.catalina.startup.VersionLoggerListener.log Command line argument:             --add-opens=java.base/java.io=ALL-UNNAMED
14-Mar-2023 00:10:04.430 INFO [main] org.apache.catalina.startup.VersionLoggerListener.log Command line argument:             --add-opens=java.base/java.util=ALL-UNNAMED
14-Mar-2023 00:10:04.430 INFO [main] org.apache.catalina.startup.VersionLoggerListener.log Command line argument:             --add-opens=java.base/java.util.concurrent=ALL-UNNAMED
14-Mar-2023 00:10:04.430 INFO [main] org.apache.catalina.startup.VersionLoggerListener.log Command line argument:             --add-opens=java.rmi/sun.rmi.transport=ALL-UNNAMED
14-Mar-2023 00:10:04.430 INFO [main] org.apache.catalina.startup.VersionLoggerListener.log Command line argument:             -Djava.util.logging.config.file=C:\Users\Admin\Desktop\apache-tomcat-9.0.73\conf\logging.properties
14-Mar-2023 00:10:04.431 INFO [main] org.apache.catalina.startup.VersionLoggerListener.log Command line argument:             -Djava.util.logging.manager=org.apache.juli.ClassLoaderLogManager
14-Mar-2023 00:10:04.431 INFO [main] org.apache.catalina.startup.VersionLoggerListener.log Command line argument:             -Dhttp.nonProxyHosts=localhost|127.0.0.1|DESKTOP-A18J3S2
14-Mar-2023 00:10:04.431 INFO [main] org.apache.catalina.startup.VersionLoggerListener.log Command line argument:             -Djdk.tls.ephemeralDHKeySize=2048
14-Mar-2023 00:10:04.431 INFO [main] org.apache.catalina.startup.VersionLoggerListener.log Command line argument:             -Djava.protocol.handler.pkgs=org.apache.catalina.webresources
14-Mar-2023 00:10:04.431 INFO [main] org.apache.catalina.startup.VersionLoggerListener.log Command line argument:             -Dignore.endorsed.dirs=
14-Mar-2023 00:10:04.431 INFO [main] org.apache.catalina.startup.VersionLoggerListener.log Command line argument:             -Dcatalina.base=C:\Users\Admin\Desktop\apache-tomcat-9.0.73
14-Mar-2023 00:10:04.431 INFO [main] org.apache.catalina.startup.VersionLoggerListener.log Command line argument:             -Dcatalina.home=C:\Users\Admin\Desktop\apache-tomcat-9.0.73
14-Mar-2023 00:10:04.431 INFO [main] org.apache.catalina.startup.VersionLoggerListener.log Command line argument:             -Djava.io.tmpdir=C:\Users\Admin\Desktop\apache-tomcat-9.0.73\temp
14-Mar-2023 00:10:04.447 INFO [main] org.apache.catalina.core.AprLifecycleListener.lifecycleEvent Cargada la biblioteca nativa APR de Apache Tomcat [1.2.36] con la versión APR [1.7.2].
14-Mar-2023 00:10:04.448 INFO [main] org.apache.catalina.core.AprLifecycleListener.lifecycleEvent Capacidades APR: IPv6 [true], enviar fichero [true], aceptar filtros [false], aleatorio [true], UDS [true].
14-Mar-2023 00:10:04.448 INFO [main] org.apache.catalina.core.AprLifecycleListener.lifecycleEvent APR/OpenSSL configuration: useAprConnector [false], useOpenSSL [true]
14-Mar-2023 00:10:04.468 INFO [main] org.apache.catalina.core.AprLifecycleListener.initializeSSL OpenSSL inicializado correctamente [OpenSSL 1.1.1t  7 Feb 2023]
14-Mar-2023 00:10:04.684 INFO [main] org.apache.coyote.AbstractProtocol.init Inicializando el manejador de protocolo ["http-nio-8080"]

14-Mar-2023 00:10:04.702 INFO [main] org.apache.catalina.startup.Catalina.load Server initialization in [454] milliseconds
14-Mar-2023 00:10:04.752 INFO [main] org.apache.catalina.core.StandardService.startInternal Arrancando servicio [Catalina]
14-Mar-2023 00:10:04.752 INFO [main] org.apache.catalina.core.StandardEngine.startInternal Starting Servlet engine: [Apache Tomcat/9.0.73]
14-Mar-2023 00:10:04.759 INFO [main] org.apache.catalina.startup.HostConfig.deployDescriptor Desplieque del descriptor de configuración [C:\Users\Admin\Desktop\apache-tomcat-9.0.73\conf\Catalina\localhost\WebApplicationCasita.xml]
14-Mar-2023 00:10:04.772 WARNING [main] org.apache.catalina.startup.HostConfig.deployDescriptor The path attribute with value [/WebApplicationCasita] in deployment descriptor [C:\Users\Admin\Desktop\apache-tomcat-9.0.73\conf\Catalina\localhost\WebApplicationCasita.xml] has been ignored
14-Mar-2023 00:10:04.991 INFO [main] org.apache.catalina.startup.HostConfig.deployDescriptor Deployment of deployment descriptor [C:\Users\Admin\Desktop\apache-tomcat-9.0.73\conf\Catalina\localhost\WebApplicationCasita.xml] has finished in [231] ms
14-Mar-2023 00:10:04.992 INFO [main] org.apache.catalina.startup.HostConfig.deployDirectory Desplegando el directorio [C:\Users\Admin\Desktop\apache-tomcat-9.0.73\webapps\docs] de la aplicación web
14-Mar-2023 00:10:05.018 INFO [main] org.apache.catalina.startup.HostConfig.deployDirectory Deployment of web application directory [C:\Users\Admin\Desktop\apache-tomcat-9.0.73\webapps\docs] has finished in [26] ms
14-Mar-2023 00:10:05.018 INFO [main] org.apache.catalina.startup.HostConfig.deployDirectory Desplegando el directorio [C:\Users\Admin\Desktop\apache-tomcat-9.0.73\webapps\examples] de la aplicación web
14-Mar-2023 00:10:05.388 INFO [main] org.apache.catalina.startup.HostConfig.deployDirectory Deployment of web application directory [C:\Users\Admin\Desktop\apache-tomcat-9.0.73\webapps\examples] has finished in [370] ms
14-Mar-2023 00:10:05.388 INFO [main] org.apache.catalina.startup.HostConfig.deployDirectory Desplegando el directorio [C:\Users\Admin\Desktop\apache-tomcat-9.0.73\webapps\host-manager] de la aplicación web
14-Mar-2023 00:10:05.421 INFO [main] org.apache.catalina.startup.HostConfig.deployDirectory Deployment of web application directory [C:\Users\Admin\Desktop\apache-tomcat-9.0.73\webapps\host-manager] has finished in [33] ms
14-Mar-2023 00:10:05.421 INFO [main] org.apache.catalina.startup.HostConfig.deployDirectory Desplegando el directorio [C:\Users\Admin\Desktop\apache-tomcat-9.0.73\webapps\manager] de la aplicación web
14-Mar-2023 00:10:05.455 INFO [main] org.apache.catalina.startup.HostConfig.deployDirectory Deployment of web application directory [C:\Users\Admin\Desktop\apache-tomcat-9.0.73\webapps\manager] has finished in [34] ms
14-Mar-2023 00:10:05.455 INFO [main] org.apache.catalina.startup.HostConfig.deployDirectory Desplegando el directorio [C:\Users\Admin\Desktop\apache-tomcat-9.0.73\webapps\ROOT] de la aplicación web
14-Mar-2023 00:10:05.474 INFO [main] org.apache.catalina.startup.HostConfig.deployDirectory Deployment of web application directory [C:\Users\Admin\Desktop\apache-tomcat-9.0.73\webapps\ROOT] has finished in [19] ms
14-Mar-2023 00:10:05.476 INFO [main] org.apache.coyote.AbstractProtocol.start Starting ProtocolHandler ["http-nio-8080"]
14-Mar-2023 00:10:05.501 INFO [main] org.apache.catalina.startup.Catalina.start Server startup in [798] milliseconds
14-Mar-2023 00:12:41.143 INFO [main] org.apache.catalina.core.StandardServer.await Se ha recibido un comando de apagado a través del puerto de apagado. Parando la instancia del Servidor.
14-Mar-2023 00:12:41.144 INFO [main] org.apache.coyote.AbstractProtocol.pause Pausing ProtocolHandler ["http-nio-8080"]
14-Mar-2023 00:12:41.147 INFO [main] org.apache.catalina.core.StandardService.stopInternal Parando servicio [Catalina]
14-Mar-2023 00:12:41.164 INFO [main] org.apache.coyote.AbstractProtocol.stop Stopping ProtocolHandler ["http-nio-8080"]
14-Mar-2023 00:12:41.186 INFO [main] org.apache.coyote.AbstractProtocol.destroy Destroying ProtocolHandler ["http-nio-8080"]
14-Mar-2023 21:34:36.453 INFO [main] org.apache.catalina.startup.VersionLoggerListener.log Nombre de la versión del servidor: Apache Tomcat/9.0.73
14-Mar-2023 21:34:36.456 INFO [main] org.apache.catalina.startup.VersionLoggerListener.log Server built:                      Feb 27 2023 15:33:40 UTC
14-Mar-2023 21:34:36.456 INFO [main] org.apache.catalina.startup.VersionLoggerListener.log Número de versión de servidor:     9.0.73.0
14-Mar-2023 21:34:36.456 INFO [main] org.apache.catalina.startup.VersionLoggerListener.log OS Name:                           Windows 10
14-Mar-2023 21:34:36.456 INFO [main] org.apache.catalina.startup.VersionLoggerListener.log Versión de Systema Operativo:      10.0
14-Mar-2023 21:34:36.456 INFO [main] org.apache.catalina.startup.VersionLoggerListener.log Arquitectura:                      amd64
14-Mar-2023 21:34:36.456 INFO [main] org.apache.catalina.startup.VersionLoggerListener.log Java Home:                         C:\Program Files\Java\jdk-15.0.2
14-Mar-2023 21:34:36.456 INFO [main] org.apache.catalina.startup.VersionLoggerListener.log JVM Version:                       15.0.2+7-27
14-Mar-2023 21:34:36.456 INFO [main] org.apache.catalina.startup.VersionLoggerListener.log Vededor JVM:                       Oracle Corporation
14-Mar-2023 21:34:36.456 INFO [main] org.apache.catalina.startup.VersionLoggerListener.log CATALINA_BASE:                     C:\Users\Admin\Desktop\apache-tomcat-9.0.73
14-Mar-2023 21:34:36.456 INFO [main] org.apache.catalina.startup.VersionLoggerListener.log CATALINA_HOME:                     C:\Users\Admin\Desktop\apache-tomcat-9.0.73
14-Mar-2023 21:34:36.463 INFO [main] org.apache.catalina.startup.VersionLoggerListener.log Command line argument:             --add-opens=java.base/java.lang=ALL-UNNAMED
14-Mar-2023 21:34:36.463 INFO [main] org.apache.catalina.startup.VersionLoggerListener.log Command line argument:             --add-opens=java.base/java.io=ALL-UNNAMED
14-Mar-2023 21:34:36.463 INFO [main] org.apache.catalina.startup.VersionLoggerListener.log Command line argument:             --add-opens=java.base/java.util=ALL-UNNAMED
14-Mar-2023 21:34:36.463 INFO [main] org.apache.catalina.startup.VersionLoggerListener.log Command line argument:             --add-opens=java.base/java.util.concurrent=ALL-UNNAMED
14-Mar-2023 21:34:36.464 INFO [main] org.apache.catalina.startup.VersionLoggerListener.log Command line argument:             --add-opens=java.rmi/sun.rmi.transport=ALL-UNNAMED
14-Mar-2023 21:34:36.464 INFO [main] org.apache.catalina.startup.VersionLoggerListener.log Command line argument:             -Djava.util.logging.config.file=C:\Users\Admin\Desktop\apache-tomcat-9.0.73\conf\logging.properties
14-Mar-2023 21:34:36.464 INFO [main] org.apache.catalina.startup.VersionLoggerListener.log Command line argument:             -Djava.util.logging.manager=org.apache.juli.ClassLoaderLogManager
14-Mar-2023 21:34:36.464 INFO [main] org.apache.catalina.startup.VersionLoggerListener.log Command line argument:             -Dhttp.nonProxyHosts=localhost|127.0.0.1|DESKTOP-A18J3S2
14-Mar-2023 21:34:36.464 INFO [main] org.apache.catalina.startup.VersionLoggerListener.log Command line argument:             -Djdk.tls.ephemeralDHKeySize=2048
14-Mar-2023 21:34:36.464 INFO [main] org.apache.catalina.startup.VersionLoggerListener.log Command line argument:             -Djava.protocol.handler.pkgs=org.apache.catalina.webresources
14-Mar-2023 21:34:36.464 INFO [main] org.apache.catalina.startup.VersionLoggerListener.log Command line argument:             -Dignore.endorsed.dirs=
14-Mar-2023 21:34:36.464 INFO [main] org.apache.catalina.startup.VersionLoggerListener.log Command line argument:             -Dcatalina.base=C:\Users\Admin\Desktop\apache-tomcat-9.0.73
14-Mar-2023 21:34:36.464 INFO [main] org.apache.catalina.startup.VersionLoggerListener.log Command line argument:             -Dcatalina.home=C:\Users\Admin\Desktop\apache-tomcat-9.0.73
14-Mar-2023 21:34:36.464 INFO [main] org.apache.catalina.startup.VersionLoggerListener.log Command line argument:             -Djava.io.tmpdir=C:\Users\Admin\Desktop\apache-tomcat-9.0.73\temp
14-Mar-2023 21:34:36.495 INFO [main] org.apache.catalina.core.AprLifecycleListener.lifecycleEvent Cargada la biblioteca nativa APR de Apache Tomcat [1.2.36] con la versión APR [1.7.2].
14-Mar-2023 21:34:36.496 INFO [main] org.apache.catalina.core.AprLifecycleListener.lifecycleEvent Capacidades APR: IPv6 [true], enviar fichero [true], aceptar filtros [false], aleatorio [true], UDS [true].
14-Mar-2023 21:34:36.496 INFO [main] org.apache.catalina.core.AprLifecycleListener.lifecycleEvent APR/OpenSSL configuration: useAprConnector [false], useOpenSSL [true]
14-Mar-2023 21:34:36.514 INFO [main] org.apache.catalina.core.AprLifecycleListener.initializeSSL OpenSSL inicializado correctamente [OpenSSL 1.1.1t  7 Feb 2023]
14-Mar-2023 21:34:36.693 INFO [main] org.apache.coyote.AbstractProtocol.init Inicializando el manejador de protocolo ["http-nio-8080"]

14-Mar-2023 21:34:36.715 INFO [main] org.apache.catalina.startup.Catalina.load Server initialization in [392] milliseconds
14-Mar-2023 21:34:36.750 INFO [main] org.apache.catalina.core.StandardService.startInternal Arrancando servicio [Catalina]
14-Mar-2023 21:34:36.750 INFO [main] org.apache.catalina.core.StandardEngine.startInternal Starting Servlet engine: [Apache Tomcat/9.0.73]
14-Mar-2023 21:34:36.758 INFO [main] org.apache.catalina.startup.HostConfig.deployDescriptor Desplieque del descriptor de configuración [C:\Users\Admin\Desktop\apache-tomcat-9.0.73\conf\Catalina\localhost\WebApplicationCasita.xml]
14-Mar-2023 21:34:36.769 WARNING [main] org.apache.catalina.startup.HostConfig.deployDescriptor The path attribute with value [/WebApplicationCasita] in deployment descriptor [C:\Users\Admin\Desktop\apache-tomcat-9.0.73\conf\Catalina\localhost\WebApplicationCasita.xml] has been ignored
14-Mar-2023 21:34:36.986 INFO [main] org.apache.catalina.startup.HostConfig.deployDescriptor Deployment of deployment descriptor [C:\Users\Admin\Desktop\apache-tomcat-9.0.73\conf\Catalina\localhost\WebApplicationCasita.xml] has finished in [227] ms
14-Mar-2023 21:34:36.987 INFO [main] org.apache.catalina.startup.HostConfig.deployDirectory Desplegando el directorio [C:\Users\Admin\Desktop\apache-tomcat-9.0.73\webapps\docs] de la aplicación web
14-Mar-2023 21:34:37.011 INFO [main] org.apache.catalina.startup.HostConfig.deployDirectory Deployment of web application directory [C:\Users\Admin\Desktop\apache-tomcat-9.0.73\webapps\docs] has finished in [24] ms
14-Mar-2023 21:34:37.011 INFO [main] org.apache.catalina.startup.HostConfig.deployDirectory Desplegando el directorio [C:\Users\Admin\Desktop\apache-tomcat-9.0.73\webapps\examples] de la aplicación web
14-Mar-2023 21:34:37.359 INFO [main] org.apache.catalina.startup.HostConfig.deployDirectory Deployment of web application directory [C:\Users\Admin\Desktop\apache-tomcat-9.0.73\webapps\examples] has finished in [348] ms
14-Mar-2023 21:34:37.359 INFO [main] org.apache.catalina.startup.HostConfig.deployDirectory Desplegando el directorio [C:\Users\Admin\Desktop\apache-tomcat-9.0.73\webapps\host-manager] de la aplicación web
14-Mar-2023 21:34:37.393 INFO [main] org.apache.catalina.startup.HostConfig.deployDirectory Deployment of web application directory [C:\Users\Admin\Desktop\apache-tomcat-9.0.73\webapps\host-manager] has finished in [34] ms
14-Mar-2023 21:34:37.393 INFO [main] org.apache.catalina.startup.HostConfig.deployDirectory Desplegando el directorio [C:\Users\Admin\Desktop\apache-tomcat-9.0.73\webapps\manager] de la aplicación web
14-Mar-2023 21:34:37.430 INFO [main] org.apache.catalina.startup.HostConfig.deployDirectory Deployment of web application directory [C:\Users\Admin\Desktop\apache-tomcat-9.0.73\webapps\manager] has finished in [37] ms
14-Mar-2023 21:34:37.430 INFO [main] org.apache.catalina.startup.HostConfig.deployDirectory Desplegando el directorio [C:\Users\Admin\Desktop\apache-tomcat-9.0.73\webapps\ROOT] de la aplicación web
14-Mar-2023 21:34:37.456 INFO [main] org.apache.catalina.startup.HostConfig.deployDirectory Deployment of web application directory [C:\Users\Admin\Desktop\apache-tomcat-9.0.73\webapps\ROOT] has finished in [25] ms
14-Mar-2023 21:34:37.458 INFO [main] org.apache.coyote.AbstractProtocol.start Starting ProtocolHandler ["http-nio-8080"]
14-Mar-2023 21:34:37.484 INFO [main] org.apache.catalina.startup.Catalina.start Server startup in [768] milliseconds
14-Mar-2023 21:54:52.472 WARNING [http-nio-8080-exec-9] org.apache.catalina.webresources.AbstractFileResourceSet.logIgnoredSymlink Resource for web application [/WebApplicationCasita] at path [/...] was not loaded as the canonical path [/] did not match. Use of symlinks is one possible cause.
14-Mar-2023 22:24:12.693 INFO [http-nio-8080-exec-5] org.apache.catalina.startup.HostConfig.deployDescriptor Desplieque del descriptor de configuración [C:\Users\Admin\Desktop\apache-tomcat-9.0.73\conf\Catalina\localhost\WebApplication3.xml]
14-Mar-2023 22:24:12.694 WARNING [http-nio-8080-exec-5] org.apache.catalina.startup.HostConfig.deployDescriptor The path attribute with value [/WebApplication3] in deployment descriptor [C:\Users\Admin\Desktop\apache-tomcat-9.0.73\conf\Catalina\localhost\WebApplication3.xml] has been ignored
14-Mar-2023 22:24:12.717 INFO [http-nio-8080-exec-5] org.apache.catalina.startup.HostConfig.deployDescriptor Deployment of deployment descriptor [C:\Users\Admin\Desktop\apache-tomcat-9.0.73\conf\Catalina\localhost\WebApplication3.xml] has finished in [24] ms
14-Mar-2023 22:24:12.719 INFO [http-nio-8080-exec-4] org.apache.catalina.util.LifecycleBase.start The start() method was called on component [StandardEngine[Catalina].StandardHost[localhost].StandardContext[/WebApplication3]] after start() had already been called. The second call will be ignored.
