09-Mar-2023 19:45:24.607 INFO [main] org.apache.catalina.startup.VersionLoggerListener.log Nombre de la versión del servidor: Apache Tomcat/9.0.73
09-Mar-2023 19:45:24.609 INFO [main] org.apache.catalina.startup.VersionLoggerListener.log Server built:                      Feb 27 2023 15:33:40 UTC
09-Mar-2023 19:45:24.610 INFO [main] org.apache.catalina.startup.VersionLoggerListener.log Número de versión de servidor:     9.0.73.0
09-Mar-2023 19:45:24.610 INFO [main] org.apache.catalina.startup.VersionLoggerListener.log OS Name:                           Windows 10
09-Mar-2023 19:45:24.610 INFO [main] org.apache.catalina.startup.VersionLoggerListener.log Versión de Systema Operativo:      10.0
09-Mar-2023 19:45:24.610 INFO [main] org.apache.catalina.startup.VersionLoggerListener.log Arquitectura:                      amd64
09-Mar-2023 19:45:24.610 INFO [main] org.apache.catalina.startup.VersionLoggerListener.log Java Home:                         C:\Program Files\Java\jdk-15.0.2
09-Mar-2023 19:45:24.610 INFO [main] org.apache.catalina.startup.VersionLoggerListener.log JVM Version:                       15.0.2+7-27
09-Mar-2023 19:45:24.610 INFO [main] org.apache.catalina.startup.VersionLoggerListener.log Vededor JVM:                       Oracle Corporation
09-Mar-2023 19:45:24.610 INFO [main] org.apache.catalina.startup.VersionLoggerListener.log CATALINA_BASE:                     C:\Users\Admin\Desktop\apache-tomcat-9.0.73
09-Mar-2023 19:45:24.610 INFO [main] org.apache.catalina.startup.VersionLoggerListener.log CATALINA_HOME:                     C:\Users\Admin\Desktop\apache-tomcat-9.0.73
09-Mar-2023 19:45:24.618 INFO [main] org.apache.catalina.startup.VersionLoggerListener.log Command line argument:             --add-opens=java.base/java.lang=ALL-UNNAMED
09-Mar-2023 19:45:24.618 INFO [main] org.apache.catalina.startup.VersionLoggerListener.log Command line argument:             --add-opens=java.base/java.io=ALL-UNNAMED
09-Mar-2023 19:45:24.618 INFO [main] org.apache.catalina.startup.VersionLoggerListener.log Command line argument:             --add-opens=java.base/java.util=ALL-UNNAMED
09-Mar-2023 19:45:24.618 INFO [main] org.apache.catalina.startup.VersionLoggerListener.log Command line argument:             --add-opens=java.base/java.util.concurrent=ALL-UNNAMED
09-Mar-2023 19:45:24.618 INFO [main] org.apache.catalina.startup.VersionLoggerListener.log Command line argument:             --add-opens=java.rmi/sun.rmi.transport=ALL-UNNAMED
09-Mar-2023 19:45:24.618 INFO [main] org.apache.catalina.startup.VersionLoggerListener.log Command line argument:             -Djava.util.logging.config.file=C:\Users\Admin\Desktop\apache-tomcat-9.0.73\conf\logging.properties
09-Mar-2023 19:45:24.618 INFO [main] org.apache.catalina.startup.VersionLoggerListener.log Command line argument:             -Djava.util.logging.manager=org.apache.juli.ClassLoaderLogManager
09-Mar-2023 19:45:24.618 INFO [main] org.apache.catalina.startup.VersionLoggerListener.log Command line argument:             -Dhttp.nonProxyHosts=localhost|127.0.0.1|DESKTOP-A18J3S2
09-Mar-2023 19:45:24.618 INFO [main] org.apache.catalina.startup.VersionLoggerListener.log Command line argument:             -Djdk.tls.ephemeralDHKeySize=2048
09-Mar-2023 19:45:24.618 INFO [main] org.apache.catalina.startup.VersionLoggerListener.log Command line argument:             -Djava.protocol.handler.pkgs=org.apache.catalina.webresources
09-Mar-2023 19:45:24.618 INFO [main] org.apache.catalina.startup.VersionLoggerListener.log Command line argument:             -Dignore.endorsed.dirs=
09-Mar-2023 19:45:24.618 INFO [main] org.apache.catalina.startup.VersionLoggerListener.log Command line argument:             -Dcatalina.base=C:\Users\Admin\Desktop\apache-tomcat-9.0.73
09-Mar-2023 19:45:24.618 INFO [main] org.apache.catalina.startup.VersionLoggerListener.log Command line argument:             -Dcatalina.home=C:\Users\Admin\Desktop\apache-tomcat-9.0.73
09-Mar-2023 19:45:24.618 INFO [main] org.apache.catalina.startup.VersionLoggerListener.log Command line argument:             -Djava.io.tmpdir=C:\Users\Admin\Desktop\apache-tomcat-9.0.73\temp
09-Mar-2023 19:45:24.658 INFO [main] org.apache.catalina.core.AprLifecycleListener.lifecycleEvent Cargada la biblioteca nativa APR de Apache Tomcat [1.2.36] con la versión APR [1.7.2].
09-Mar-2023 19:45:24.658 INFO [main] org.apache.catalina.core.AprLifecycleListener.lifecycleEvent Capacidades APR: IPv6 [true], enviar fichero [true], aceptar filtros [false], aleatorio [true], UDS [true].
09-Mar-2023 19:45:24.658 INFO [main] org.apache.catalina.core.AprLifecycleListener.lifecycleEvent APR/OpenSSL configuration: useAprConnector [false], useOpenSSL [true]
09-Mar-2023 19:45:24.662 INFO [main] org.apache.catalina.core.AprLifecycleListener.initializeSSL OpenSSL inicializado correctamente [OpenSSL 1.1.1t  7 Feb 2023]
09-Mar-2023 19:45:24.821 INFO [main] org.apache.coyote.AbstractProtocol.init Inicializando el manejador de protocolo ["http-nio-8080"]

09-Mar-2023 19:45:24.839 INFO [main] org.apache.catalina.startup.Catalina.load Server initialization in [352] milliseconds
09-Mar-2023 19:45:24.874 INFO [main] org.apache.catalina.core.StandardService.startInternal Arrancando servicio [Catalina]
09-Mar-2023 19:45:24.875 INFO [main] org.apache.catalina.core.StandardEngine.startInternal Starting Servlet engine: [Apache Tomcat/9.0.73]
09-Mar-2023 19:45:24.884 INFO [main] org.apache.catalina.startup.HostConfig.deployDirectory Desplegando el directorio [C:\Users\Admin\Desktop\apache-tomcat-9.0.73\webapps\docs] de la aplicación web
09-Mar-2023 19:45:25.105 INFO [main] org.apache.catalina.startup.HostConfig.deployDirectory Deployment of web application directory [C:\Users\Admin\Desktop\apache-tomcat-9.0.73\webapps\docs] has finished in [219] ms
09-Mar-2023 19:45:25.105 INFO [main] org.apache.catalina.startup.HostConfig.deployDirectory Desplegando el directorio [C:\Users\Admin\Desktop\apache-tomcat-9.0.73\webapps\examples] de la aplicación web
09-Mar-2023 19:45:25.425 INFO [main] org.apache.catalina.startup.HostConfig.deployDirectory Deployment of web application directory [C:\Users\Admin\Desktop\apache-tomcat-9.0.73\webapps\examples] has finished in [320] ms
09-Mar-2023 19:45:25.425 INFO [main] org.apache.catalina.startup.HostConfig.deployDirectory Desplegando el directorio [C:\Users\Admin\Desktop\apache-tomcat-9.0.73\webapps\host-manager] de la aplicación web
09-Mar-2023 19:45:25.467 INFO [main] org.apache.catalina.startup.HostConfig.deployDirectory Deployment of web application directory [C:\Users\Admin\Desktop\apache-tomcat-9.0.73\webapps\host-manager] has finished in [41] ms
09-Mar-2023 19:45:25.467 INFO [main] org.apache.catalina.startup.HostConfig.deployDirectory Desplegando el directorio [C:\Users\Admin\Desktop\apache-tomcat-9.0.73\webapps\manager] de la aplicación web
09-Mar-2023 19:45:25.508 INFO [main] org.apache.catalina.startup.HostConfig.deployDirectory Deployment of web application directory [C:\Users\Admin\Desktop\apache-tomcat-9.0.73\webapps\manager] has finished in [40] ms
09-Mar-2023 19:45:25.508 INFO [main] org.apache.catalina.startup.HostConfig.deployDirectory Desplegando el directorio [C:\Users\Admin\Desktop\apache-tomcat-9.0.73\webapps\ROOT] de la aplicación web
09-Mar-2023 19:45:25.532 INFO [main] org.apache.catalina.startup.HostConfig.deployDirectory Deployment of web application directory [C:\Users\Admin\Desktop\apache-tomcat-9.0.73\webapps\ROOT] has finished in [23] ms
09-Mar-2023 19:45:25.535 INFO [main] org.apache.coyote.AbstractProtocol.start Starting ProtocolHandler ["http-nio-8080"]
09-Mar-2023 19:45:25.566 INFO [main] org.apache.catalina.startup.Catalina.start Server startup in [727] milliseconds
09-Mar-2023 19:45:52.366 INFO [http-nio-8080-exec-10] org.apache.catalina.startup.HostConfig.deployDescriptor Desplieque del descriptor de configuración [C:\Users\Admin\Desktop\apache-tomcat-9.0.73\conf\Catalina\localhost\WebApplicationCasita.xml]
09-Mar-2023 19:45:52.366 WARNING [http-nio-8080-exec-10] org.apache.catalina.startup.HostConfig.deployDescriptor The path attribute with value [/WebApplicationCasita] in deployment descriptor [C:\Users\Admin\Desktop\apache-tomcat-9.0.73\conf\Catalina\localhost\WebApplicationCasita.xml] has been ignored
09-Mar-2023 19:45:52.398 INFO [http-nio-8080-exec-10] org.apache.catalina.startup.HostConfig.deployDescriptor Deployment of deployment descriptor [C:\Users\Admin\Desktop\apache-tomcat-9.0.73\conf\Catalina\localhost\WebApplicationCasita.xml] has finished in [33] ms
09-Mar-2023 19:45:52.400 INFO [http-nio-8080-exec-1] org.apache.catalina.util.LifecycleBase.start The start() method was called on component [StandardEngine[Catalina].StandardHost[localhost].StandardContext[/WebApplicationCasita]] after start() had already been called. The second call will be ignored.
09-Mar-2023 19:47:48.067 INFO [main] org.apache.catalina.core.StandardServer.await Se ha recibido un comando de apagado a través del puerto de apagado. Parando la instancia del Servidor.
09-Mar-2023 19:47:48.068 INFO [main] org.apache.coyote.AbstractProtocol.pause Pausing ProtocolHandler ["http-nio-8080"]
09-Mar-2023 19:47:48.072 INFO [main] org.apache.catalina.core.StandardService.stopInternal Parando servicio [Catalina]
09-Mar-2023 19:47:48.088 INFO [main] org.apache.coyote.AbstractProtocol.stop Stopping ProtocolHandler ["http-nio-8080"]
09-Mar-2023 19:47:48.106 INFO [main] org.apache.coyote.AbstractProtocol.destroy Destroying ProtocolHandler ["http-nio-8080"]
09-Mar-2023 20:06:40.747 INFO [main] org.apache.catalina.startup.VersionLoggerListener.log Nombre de la versión del servidor: Apache Tomcat/9.0.73
09-Mar-2023 20:06:40.750 INFO [main] org.apache.catalina.startup.VersionLoggerListener.log Server built:                      Feb 27 2023 15:33:40 UTC
09-Mar-2023 20:06:40.750 INFO [main] org.apache.catalina.startup.VersionLoggerListener.log Número de versión de servidor:     9.0.73.0
09-Mar-2023 20:06:40.750 INFO [main] org.apache.catalina.startup.VersionLoggerListener.log OS Name:                           Windows 10
09-Mar-2023 20:06:40.750 INFO [main] org.apache.catalina.startup.VersionLoggerListener.log Versión de Systema Operativo:      10.0
09-Mar-2023 20:06:40.750 INFO [main] org.apache.catalina.startup.VersionLoggerListener.log Arquitectura:                      amd64
09-Mar-2023 20:06:40.750 INFO [main] org.apache.catalina.startup.VersionLoggerListener.log Java Home:                         C:\Program Files\Java\jdk-15.0.2
09-Mar-2023 20:06:40.750 INFO [main] org.apache.catalina.startup.VersionLoggerListener.log JVM Version:                       15.0.2+7-27
09-Mar-2023 20:06:40.750 INFO [main] org.apache.catalina.startup.VersionLoggerListener.log Vededor JVM:                       Oracle Corporation
09-Mar-2023 20:06:40.750 INFO [main] org.apache.catalina.startup.VersionLoggerListener.log CATALINA_BASE:                     C:\Users\Admin\Desktop\apache-tomcat-9.0.73
09-Mar-2023 20:06:40.750 INFO [main] org.apache.catalina.startup.VersionLoggerListener.log CATALINA_HOME:                     C:\Users\Admin\Desktop\apache-tomcat-9.0.73
09-Mar-2023 20:06:40.758 INFO [main] org.apache.catalina.startup.VersionLoggerListener.log Command line argument:             --add-opens=java.base/java.lang=ALL-UNNAMED
09-Mar-2023 20:06:40.758 INFO [main] org.apache.catalina.startup.VersionLoggerListener.log Command line argument:             --add-opens=java.base/java.io=ALL-UNNAMED
09-Mar-2023 20:06:40.758 INFO [main] org.apache.catalina.startup.VersionLoggerListener.log Command line argument:             --add-opens=java.base/java.util=ALL-UNNAMED
09-Mar-2023 20:06:40.758 INFO [main] org.apache.catalina.startup.VersionLoggerListener.log Command line argument:             --add-opens=java.base/java.util.concurrent=ALL-UNNAMED
09-Mar-2023 20:06:40.758 INFO [main] org.apache.catalina.startup.VersionLoggerListener.log Command line argument:             --add-opens=java.rmi/sun.rmi.transport=ALL-UNNAMED
09-Mar-2023 20:06:40.758 INFO [main] org.apache.catalina.startup.VersionLoggerListener.log Command line argument:             -Djava.util.logging.config.file=C:\Users\Admin\Desktop\apache-tomcat-9.0.73\conf\logging.properties
09-Mar-2023 20:06:40.758 INFO [main] org.apache.catalina.startup.VersionLoggerListener.log Command line argument:             -Djava.util.logging.manager=org.apache.juli.ClassLoaderLogManager
09-Mar-2023 20:06:40.758 INFO [main] org.apache.catalina.startup.VersionLoggerListener.log Command line argument:             -Dhttp.nonProxyHosts=localhost|127.0.0.1|DESKTOP-A18J3S2
09-Mar-2023 20:06:40.758 INFO [main] org.apache.catalina.startup.VersionLoggerListener.log Command line argument:             -Djdk.tls.ephemeralDHKeySize=2048
09-Mar-2023 20:06:40.758 INFO [main] org.apache.catalina.startup.VersionLoggerListener.log Command line argument:             -Djava.protocol.handler.pkgs=org.apache.catalina.webresources
09-Mar-2023 20:06:40.759 INFO [main] org.apache.catalina.startup.VersionLoggerListener.log Command line argument:             -Dignore.endorsed.dirs=
09-Mar-2023 20:06:40.759 INFO [main] org.apache.catalina.startup.VersionLoggerListener.log Command line argument:             -Dcatalina.base=C:\Users\Admin\Desktop\apache-tomcat-9.0.73
09-Mar-2023 20:06:40.759 INFO [main] org.apache.catalina.startup.VersionLoggerListener.log Command line argument:             -Dcatalina.home=C:\Users\Admin\Desktop\apache-tomcat-9.0.73
09-Mar-2023 20:06:40.759 INFO [main] org.apache.catalina.startup.VersionLoggerListener.log Command line argument:             -Djava.io.tmpdir=C:\Users\Admin\Desktop\apache-tomcat-9.0.73\temp
09-Mar-2023 20:06:40.796 INFO [main] org.apache.catalina.core.AprLifecycleListener.lifecycleEvent Cargada la biblioteca nativa APR de Apache Tomcat [1.2.36] con la versión APR [1.7.2].
09-Mar-2023 20:06:40.796 INFO [main] org.apache.catalina.core.AprLifecycleListener.lifecycleEvent Capacidades APR: IPv6 [true], enviar fichero [true], aceptar filtros [false], aleatorio [true], UDS [true].
09-Mar-2023 20:06:40.796 INFO [main] org.apache.catalina.core.AprLifecycleListener.lifecycleEvent APR/OpenSSL configuration: useAprConnector [false], useOpenSSL [true]
09-Mar-2023 20:06:40.799 INFO [main] org.apache.catalina.core.AprLifecycleListener.initializeSSL OpenSSL inicializado correctamente [OpenSSL 1.1.1t  7 Feb 2023]
09-Mar-2023 20:06:40.969 INFO [main] org.apache.coyote.AbstractProtocol.init Inicializando el manejador de protocolo ["http-nio-8080"]

09-Mar-2023 20:06:40.986 INFO [main] org.apache.catalina.startup.Catalina.load Server initialization in [357] milliseconds
09-Mar-2023 20:06:41.018 INFO [main] org.apache.catalina.core.StandardService.startInternal Arrancando servicio [Catalina]
09-Mar-2023 20:06:41.018 INFO [main] org.apache.catalina.core.StandardEngine.startInternal Starting Servlet engine: [Apache Tomcat/9.0.73]
09-Mar-2023 20:06:41.024 INFO [main] org.apache.catalina.startup.HostConfig.deployDescriptor Desplieque del descriptor de configuración [C:\Users\Admin\Desktop\apache-tomcat-9.0.73\conf\Catalina\localhost\WebApplicationCasita.xml]
09-Mar-2023 20:06:41.035 WARNING [main] org.apache.catalina.startup.HostConfig.deployDescriptor The path attribute with value [/WebApplicationCasita] in deployment descriptor [C:\Users\Admin\Desktop\apache-tomcat-9.0.73\conf\Catalina\localhost\WebApplicationCasita.xml] has been ignored
09-Mar-2023 20:06:41.241 INFO [main] org.apache.catalina.startup.HostConfig.deployDescriptor Deployment of deployment descriptor [C:\Users\Admin\Desktop\apache-tomcat-9.0.73\conf\Catalina\localhost\WebApplicationCasita.xml] has finished in [215] ms
09-Mar-2023 20:06:41.241 INFO [main] org.apache.catalina.startup.HostConfig.deployDirectory Desplegando el directorio [C:\Users\Admin\Desktop\apache-tomcat-9.0.73\webapps\docs] de la aplicación web
09-Mar-2023 20:06:41.270 INFO [main] org.apache.catalina.startup.HostConfig.deployDirectory Deployment of web application directory [C:\Users\Admin\Desktop\apache-tomcat-9.0.73\webapps\docs] has finished in [28] ms
09-Mar-2023 20:06:41.270 INFO [main] org.apache.catalina.startup.HostConfig.deployDirectory Desplegando el directorio [C:\Users\Admin\Desktop\apache-tomcat-9.0.73\webapps\examples] de la aplicación web
09-Mar-2023 20:06:41.575 INFO [main] org.apache.catalina.startup.HostConfig.deployDirectory Deployment of web application directory [C:\Users\Admin\Desktop\apache-tomcat-9.0.73\webapps\examples] has finished in [305] ms
09-Mar-2023 20:06:41.575 INFO [main] org.apache.catalina.startup.HostConfig.deployDirectory Desplegando el directorio [C:\Users\Admin\Desktop\apache-tomcat-9.0.73\webapps\host-manager] de la aplicación web
09-Mar-2023 20:06:41.606 INFO [main] org.apache.catalina.startup.HostConfig.deployDirectory Deployment of web application directory [C:\Users\Admin\Desktop\apache-tomcat-9.0.73\webapps\host-manager] has finished in [30] ms
09-Mar-2023 20:06:41.606 INFO [main] org.apache.catalina.startup.HostConfig.deployDirectory Desplegando el directorio [C:\Users\Admin\Desktop\apache-tomcat-9.0.73\webapps\manager] de la aplicación web
09-Mar-2023 20:06:41.637 INFO [main] org.apache.catalina.startup.HostConfig.deployDirectory Deployment of web application directory [C:\Users\Admin\Desktop\apache-tomcat-9.0.73\webapps\manager] has finished in [31] ms
09-Mar-2023 20:06:41.637 INFO [main] org.apache.catalina.startup.HostConfig.deployDirectory Desplegando el directorio [C:\Users\Admin\Desktop\apache-tomcat-9.0.73\webapps\ROOT] de la aplicación web
09-Mar-2023 20:06:41.655 INFO [main] org.apache.catalina.startup.HostConfig.deployDirectory Deployment of web application directory [C:\Users\Admin\Desktop\apache-tomcat-9.0.73\webapps\ROOT] has finished in [18] ms
09-Mar-2023 20:06:41.657 INFO [main] org.apache.coyote.AbstractProtocol.start Starting ProtocolHandler ["http-nio-8080"]
09-Mar-2023 20:06:41.676 INFO [main] org.apache.catalina.startup.Catalina.start Server startup in [690] milliseconds
